app/build/outputs/logs/manifest-merger-debug-report.txt
-- Merging decision tree log ---
manifest
ADDED from src\main\AndroidManifest.xml:2:1-47:12
	package
		ADDED from src\main\AndroidManifest.xml:3:7-25
		INJECTED from src\main\AndroidManifest.xml
		INJECTED from src\main\AndroidManifest.xml
	android:versionName
		ADDED from src\main\AndroidManifest.xml:5:7-33
		INJECTED from src\main\AndroidManifest.xml
		INJECTED from src\main\AndroidManifest.xml
	android:versionCode
		ADDED from src\main\AndroidManifest.xml:4:7-32
		INJECTED from src\main\AndroidManifest.xml
		INJECTED from src\main\AndroidManifest.xml
	xmlns:android
		ADDED from src\main\AndroidManifest.xml:2:11-69
application
ADDED from src\main\AndroidManifest.xml:6:5-26:19
	android:label
		ADDED from src\main\AndroidManifest.xml:6:48-80
	android:icon
		ADDED from src\main\AndroidManifest.xml:6:18-47
	android:name
		ADDED from src\main\AndroidManifest.xml:7:13-36
activity#com.Ahsv.AMain
ADDED from src\main\AndroidManifest.xml:9:9-17:20
	android:label
		ADDED from src\main\AndroidManifest.xml:12:19-51
	android:configChanges
		ADDED from src\main\AndroidManifest.xml:10:19-69
	android:theme
		ADDED from src\main\AndroidManifest.xml:11:17-48
	android:name
		ADDED from src\main\AndroidManifest.xml:9:19-40
intent-filter#android.intent.action.MAIN+android.intent.category.LAUNCHER
ADDED from src\main\AndroidManifest.xml:13:13-16:29
action#android.intent.action.MAIN
ADDED from src\main\AndroidManifest.xml:14:17-69
	android:name
		ADDED from src\main\AndroidManifest.xml:14:25-66
category#android.intent.category.LAUNCHER
ADDED from src\main\AndroidManifest.xml:15:17-77
	android:name
		ADDED from src\main\AndroidManifest.xml:15:27-74
uses-sdk
ADDED from src\main\AndroidManifest.xml:29:5-73
	android:targetSdkVersion
		ADDED from src\main\AndroidManifest.xml:29:42-71
		INJECTED from src\main\AndroidManifest.xml
		INJECTED from src\main\AndroidManifest.xml
	android:minSdkVersion
		ADDED from src\main\AndroidManifest.xml:29:15-41
		INJECTED from src\main\AndroidManifest.xml
		INJECTED from src\main\AndroidManifest.xml
uses-permission#android.permission.INTERNET
ADDED from src\main\AndroidManifest.xml:31:1-79
	android:name
		ADDED from src\main\AndroidManifest.xml:31:18-60
uses-permission#android.permission.WRITE_EXTERNAL_STORAGE
ADDED from src\main\AndroidManifest.xml:32:1-93
	android:name
		ADDED from src\main\AndroidManifest.xml:32:18-74
uses-permission#android.permission.ACCESS_NETWORK_STATE
ADDED from src\main\AndroidManifest.xml:33:1-91
	android:name
		ADDED from src\main\AndroidManifest.xml:33:18-72
uses-permission#android.permission.WAKE_LOCK
ADDED from src\main\AndroidManifest.xml:34:1-63
	android:name
		ADDED from src\main\AndroidManifest.xml:34:18-61
uses-permission#android.permission.BLUETOOTH_ADMIN
ADDED from src\main\AndroidManifest.xml:35:5-74
	android:name
		ADDED from src\main\AndroidManifest.xml:35:22-71
uses-permission#android.permission.BLUETOOTH
ADDED from src\main\AndroidManifest.xml:36:5-68
	android:name
		ADDED from src\main\AndroidManifest.xml:36:22-65
uses-permission#android.permission.ACCESS_WIFI_STATE
ADDED from src\main\AndroidManifest.xml:38:5-76
	android:name
		ADDED from src\main\AndroidManifest.xml:38:22-73
uses-permission#android.permission.CHANGE_WIFI_STATE
ADDED from src\main\AndroidManifest.xml:39:5-76
	android:name
		ADDED from src\main\AndroidManifest.xml:39:22-73
uses-permission#android.permission.CHANGE_NETWORK_STATE
ADDED from src\main\AndroidManifest.xml:40:5-79
	android:name
		ADDED from src\main\AndroidManifest.xml:40:22-76
uses-permission#android.permission.NFC
ADDED from src\main\AndroidManifest.xml:41:5-62
	android:name
		ADDED from src\main\AndroidManifest.xml:41:22-59
uses-feature#android.hardware.bluetooth
ADDED from src\main\AndroidManifest.xml:43:5-91
	android:required
		ADDED from src\main\AndroidManifest.xml:43:64-88
	android:name
		ADDED from src\main\AndroidManifest.xml:43:22-63
uses-feature#android.hardware.nfc
ADDED from src\main\AndroidManifest.xml:44:5-85
	android:required
		ADDED from src\main\AndroidManifest.xml:44:58-82
	android:name
		ADDED from src\main\AndroidManifest.xml:44:22-57
uses-feature#android.hardware.wifi.direct
ADDED from src\main\AndroidManifest.xml:45:5-93
	android:required
		ADDED from src\main\AndroidManifest.xml:45:66-90
	android:name
		ADDED from src\main\AndroidManifest.xml:45:22-65